android/build/intermediates/manifest_merge_blame_file/debug/manifest-merger-blame-debug-report.txt
1<?xml version="1.0" encoding="utf-8"?>
2<manifest xmlns:android="http://schemas.android.com/apk/res/android"
3    package="com.bugreport" >
4
5    <uses-sdk android:minSdkVersion="21" />
6
7    <application>
7-->src\main\AndroidManifest.xml:4:5-10:19
8        <activity
8-->src\main\AndroidManifest.xml:5:9-9:75
9            android:name="com.bugreport.viewer.LogViewerActivity"
9-->src\main\AndroidManifest.xml:6:13-66
10            android:exported="false"
10-->src\main\AndroidManifest.xml:7:13-37
11            android:label="BugReport Logs"
11-->src\main\AndroidManifest.xml:8:13-43
12            android:theme="@style/Theme.AppCompat.DayNight.NoActionBar" />
12-->src\main\AndroidManifest.xml:9:13-72
13    </application>
14
15</manifest>